<?xml version="1.0" encoding="UTF-8"?>
<testng-results skipped="0" failed="0" total="2" passed="2">
  <reporter-output>
  </reporter-output>
  <suite name="Default suite" duration-ms="77" started-at="2016-09-26T18:02:51Z" finished-at="2016-09-26T18:02:51Z">
    <groups>
    </groups>
    <test name="Default test" duration-ms="77" started-at="2016-09-26T18:02:51Z" finished-at="2016-09-26T18:02:51Z">
      <class name="core.VerifyTitle">
        <test-method status="PASS" signature="setUp()[pri:0, instance:core.VerifyTitle@a24141]" name="setUp" is-config="true" duration-ms="15" started-at="2016-09-26T11:02:51Z" finished-at="2016-09-26T11:02:51Z">
          <reporter-output>
          </reporter-output>
        </test-method> <!-- setUp -->
        <test-method status="PASS" signature="HomePage()[pri:0, instance:core.VerifyTitle@a24141]" name="HomePage" duration-ms="36" started-at="2016-09-26T11:02:51Z" finished-at="2016-09-26T11:02:51Z">
          <reporter-output>
          </reporter-output>
        </test-method> <!-- HomePage -->
        <test-method status="PASS" signature="TC01()[pri:0, instance:core.VerifyTitle@a24141]" name="TC01" duration-ms="3" started-at="2016-09-26T11:02:51Z" finished-at="2016-09-26T11:02:51Z">
          <reporter-output>
          </reporter-output>
        </test-method> <!-- TC01 -->
      </class> <!-- core.VerifyTitle -->
    </test> <!-- Default test -->
  </suite> <!-- Default suite -->
</testng-results>
